[2026-02-05T01:02:12.144Z] Q1: type=gap_fill, userAnswer="", correctAlternatives=["inefficient"], finalCorrectAnswer="inefficient", matches=false
[2026-02-05T01:02:12.145Z] Q2: type=gap_fill, userAnswer="", correctAlternatives=["endurance"], finalCorrectAnswer="endurance", matches=false
[2026-02-05T01:02:12.146Z] Q3: type=gap_fill, userAnswer="", correctAlternatives=["technical"], finalCorrectAnswer="technical", matches=false
[2026-02-05T01:02:12.146Z] Q4: type=gap_fill, userAnswer="", correctAlternatives=["submarine"], finalCorrectAnswer="submarine", matches=false
[2026-02-05T01:02:12.147Z] Q5: type=gap_fill, userAnswer="", correctAlternatives=["clermont"], finalCorrectAnswer="Clermont", matches=false
[2026-02-05T01:02:12.148Z] Q6: type=gap_fill, userAnswer="", correctAlternatives=["cargo"], finalCorrectAnswer="Cargo", matches=false
[2026-02-05T01:02:12.148Z] Q7: type=true_false_notgiven, userAnswer="", correctAlternatives=["true"], finalCorrectAnswer="TRUE", matches=false
[2026-02-05T01:02:12.148Z] Q8: type=true_false_notgiven, userAnswer="", correctAlternatives=["false"], finalCorrectAnswer="FALSE", matches=false
[2026-02-05T01:02:12.148Z] Q9: type=true_false_notgiven, userAnswer="", correctAlternatives=["not given"], finalCorrectAnswer="NOT", matches=false
[2026-02-05T01:02:12.149Z] Q10: type=true_false_notgiven, userAnswer="", correctAlternatives=["not given"], finalCorrectAnswer="NOT", matches=false
[2026-02-05T01:02:12.149Z] Q11: type=true_false_notgiven, userAnswer="", correctAlternatives=["true"], finalCorrectAnswer="TRUE", matches=false
[2026-02-05T01:02:12.150Z] Q12: type=true_false_notgiven, userAnswer="", correctAlternatives=["not given"], finalCorrectAnswer="NOT", matches=false
[2026-02-05T01:02:12.150Z] Q13: type=true_false_notgiven, userAnswer="", correctAlternatives=["false"], finalCorrectAnswer="FALSE", matches=false
[2026-02-05T01:02:12.151Z] Q14: type=matching_features, userAnswer="", correctAlternatives=["a"], finalCorrectAnswer="A", matches=false
[2026-02-05T01:02:12.151Z] Q15: type=matching_features, userAnswer="", correctAlternatives=["d"], finalCorrectAnswer="D", matches=false
[2026-02-05T01:02:12.152Z] Q16: type=matching_features, userAnswer="", correctAlternatives=["c"], finalCorrectAnswer="C", matches=false
[2026-02-05T01:02:12.152Z] Q17: type=matching_features, userAnswer="", correctAlternatives=["b"], finalCorrectAnswer="B", matches=false
[2026-02-05T01:02:12.153Z] Q18: type=matching_features, userAnswer="", correctAlternatives=["b"], finalCorrectAnswer="B", matches=false
[2026-02-05T01:02:12.153Z] Q19: type=matching_headings, userAnswer="", correctAlternatives=["e"], finalCorrectAnswer="E", matches=false
[2026-02-05T01:02:12.153Z] Q20: type=matching_headings, userAnswer="", correctAlternatives=["b"], finalCorrectAnswer="B", matches=false
[2026-02-05T01:02:12.154Z] Q21: type=matching_headings, userAnswer="", correctAlternatives=["a"], finalCorrectAnswer="A", matches=false
[2026-02-05T01:02:12.154Z] Q22: type=matching_headings, userAnswer="", correctAlternatives=["false"], finalCorrectAnswer="F", matches=false
[2026-02-05T01:02:12.155Z] Q23: type=gap_fill, userAnswer="", correctAlternatives=["mid-1980s"], finalCorrectAnswer="Mid-1980s", matches=false
[2026-02-05T01:02:12.155Z] Q24: type=gap_fill, userAnswer="", correctAlternatives=["raven's matrices"], finalCorrectAnswer="Raven's matrices", matches=false
[2026-02-05T01:02:12.155Z] Q25: type=gap_fill, userAnswer="", correctAlternatives=["verbal"], finalCorrectAnswer="Verbal", matches=false
[2026-02-05T01:02:12.156Z] Q26: type=gap_fill, userAnswer="", correctAlternatives=["countries"], finalCorrectAnswer="Countries", matches=false
[2026-02-05T01:02:12.156Z] Q27: type=mult_choice, userAnswer="", correctAlternatives=["the practice of designing architectural structures"], finalCorrectAnswer="the practice of designing architectural structures", matches=false
[2026-02-05T01:02:12.156Z] Q28: type=mult_choice, userAnswer="", correctAlternatives=["students cannot always construct their designs."], finalCorrectAnswer="Students cannot always construct their designs.", matches=false
[2026-02-05T01:02:12.157Z] Q29: type=mult_choice, userAnswer="", correctAlternatives=["personal connection to the end result"], finalCorrectAnswer="personal connection to the end result", matches=false
[2026-02-05T01:02:12.157Z] Q30: type=mult_choice, userAnswer="", correctAlternatives=["to outline the multiple skills involved in one project"], finalCorrectAnswer="to outline the multiple skills involved in one project", matches=false
[2026-02-05T01:02:12.157Z] Q31: type=mult_choice, userAnswer="", correctAlternatives=["people are attracted to earthen architecture for different reasons."], finalCorrectAnswer="People are attracted to earthen architecture for different reasons.", matches=false
[2026-02-05T01:02:12.157Z] Q32: type=summary_completion, userAnswer="", correctAlternatives=["d"], finalCorrectAnswer="D", matches=false
[2026-02-05T01:02:12.157Z] Q33: type=summary_completion, userAnswer="", correctAlternatives=["c"], finalCorrectAnswer="C", matches=false
[2026-02-05T01:02:12.158Z] Q34: type=summary_completion, userAnswer="", correctAlternatives=["false"], finalCorrectAnswer="F", matches=false
[2026-02-05T01:02:12.158Z] Q35: type=summary_completion, userAnswer="", correctAlternatives=["a"], finalCorrectAnswer="A", matches=false
[2026-02-05T01:02:12.158Z] Q36: type=summary_completion, userAnswer="", correctAlternatives=["g"], finalCorrectAnswer="G", matches=false
[2026-02-05T01:02:12.158Z] Q37: type=true_false_notgiven, userAnswer="", correctAlternatives=["no"], finalCorrectAnswer="NO", matches=false
[2026-02-05T01:02:12.159Z] Q38: type=true_false_notgiven, userAnswer="not given", correctAlternatives=["not given"], finalCorrectAnswer="NG", matches=true
[2026-02-05T01:02:12.159Z] Q39: type=true_false_notgiven, userAnswer="yes", correctAlternatives=["yes"], finalCorrectAnswer="YES", matches=true
[2026-02-05T01:02:12.160Z] Q40: type=true_false_notgiven, userAnswer="not given", correctAlternatives=["not given"], finalCorrectAnswer="NG", matches=true
[2026-02-05T01:04:00.499Z] Q1: type=gap_fill, userAnswer="", correctAlternatives=["inefficient"], finalCorrectAnswer="inefficient", matches=false
[2026-02-05T01:04:00.499Z] Q2: type=gap_fill, userAnswer="", correctAlternatives=["endurance"], finalCorrectAnswer="endurance", matches=false
[2026-02-05T01:04:00.500Z] Q3: type=gap_fill, userAnswer="", correctAlternatives=["technical"], finalCorrectAnswer="technical", matches=false
[2026-02-05T01:04:00.500Z] Q4: type=gap_fill, userAnswer="", correctAlternatives=["submarine"], finalCorrectAnswer="submarine", matches=false
[2026-02-05T01:04:00.500Z] Q5: type=gap_fill, userAnswer="", correctAlternatives=["clermont"], finalCorrectAnswer="Clermont", matches=false
[2026-02-05T01:04:00.501Z] Q6: type=gap_fill, userAnswer="", correctAlternatives=["cargo"], finalCorrectAnswer="Cargo", matches=false
[2026-02-05T01:04:00.501Z] Q7: type=true_false_notgiven, userAnswer="", correctAlternatives=["true"], finalCorrectAnswer="TRUE", matches=false
[2026-02-05T01:04:00.502Z] Q8: type=true_false_notgiven, userAnswer="", correctAlternatives=["false"], finalCorrectAnswer="FALSE", matches=false
[2026-02-05T01:04:00.502Z] Q9: type=true_false_notgiven, userAnswer="", correctAlternatives=["not given"], finalCorrectAnswer="NOT", matches=false
[2026-02-05T01:04:00.502Z] Q10: type=true_false_notgiven, userAnswer="", correctAlternatives=["not given"], finalCorrectAnswer="NOT", matches=false
[2026-02-05T01:04:00.502Z] Q11: type=true_false_notgiven, userAnswer="", correctAlternatives=["true"], finalCorrectAnswer="TRUE", matches=false
[2026-02-05T01:04:00.503Z] Q12: type=true_false_notgiven, userAnswer="", correctAlternatives=["not given"], finalCorrectAnswer="NOT", matches=false
[2026-02-05T01:04:00.503Z] Q13: type=true_false_notgiven, userAnswer="", correctAlternatives=["false"], finalCorrectAnswer="FALSE", matches=false
[2026-02-05T01:04:00.503Z] Q14: type=matching_features, userAnswer="", correctAlternatives=["a"], finalCorrectAnswer="A", matches=false
[2026-02-05T01:04:00.504Z] Q15: type=matching_features, userAnswer="", correctAlternatives=["d"], finalCorrectAnswer="D", matches=false
[2026-02-05T01:04:00.504Z] Q16: type=matching_features, userAnswer="", correctAlternatives=["c"], finalCorrectAnswer="C", matches=false
[2026-02-05T01:04:00.505Z] Q17: type=matching_features, userAnswer="", correctAlternatives=["b"], finalCorrectAnswer="B", matches=false
[2026-02-05T01:04:00.505Z] Q18: type=matching_features, userAnswer="", correctAlternatives=["b"], finalCorrectAnswer="B", matches=false
[2026-02-05T01:04:00.505Z] Q19: type=matching_headings, userAnswer="", correctAlternatives=["e"], finalCorrectAnswer="E", matches=false
[2026-02-05T01:04:00.506Z] Q20: type=matching_headings, userAnswer="", correctAlternatives=["b"], finalCorrectAnswer="B", matches=false
[2026-02-05T01:04:00.507Z] Q21: type=matching_headings, userAnswer="", correctAlternatives=["a"], finalCorrectAnswer="A", matches=false
[2026-02-05T01:04:00.507Z] Q22: type=matching_headings, userAnswer="", correctAlternatives=["false"], finalCorrectAnswer="F", matches=false
[2026-02-05T01:04:00.507Z] Q23: type=gap_fill, userAnswer="", correctAlternatives=["mid-1980s"], finalCorrectAnswer="Mid-1980s", matches=false
[2026-02-05T01:04:00.507Z] Q24: type=gap_fill, userAnswer="", correctAlternatives=["raven's matrices"], finalCorrectAnswer="Raven's matrices", matches=false
[2026-02-05T01:04:00.508Z] Q25: type=gap_fill, userAnswer="", correctAlternatives=["verbal"], finalCorrectAnswer="Verbal", matches=false
[2026-02-05T01:04:00.508Z] Q26: type=gap_fill, userAnswer="", correctAlternatives=["countries"], finalCorrectAnswer="Countries", matches=false
[2026-02-05T01:04:00.508Z] Q27: type=mult_choice, userAnswer="", correctAlternatives=["the practice of designing architectural structures"], finalCorrectAnswer="the practice of designing architectural structures", matches=false
[2026-02-05T01:04:00.508Z] Q28: type=mult_choice, userAnswer="", correctAlternatives=["students cannot always construct their designs."], finalCorrectAnswer="Students cannot always construct their designs.", matches=false
[2026-02-05T01:04:00.508Z] Q29: type=mult_choice, userAnswer="", correctAlternatives=["personal connection to the end result"], finalCorrectAnswer="personal connection to the end result", matches=false
[2026-02-05T01:04:00.509Z] Q30: type=mult_choice, userAnswer="", correctAlternatives=["to outline the multiple skills involved in one project"], finalCorrectAnswer="to outline the multiple skills involved in one project", matches=false
[2026-02-05T01:04:00.509Z] Q31: type=mult_choice, userAnswer="", correctAlternatives=["people are attracted to earthen architecture for different reasons."], finalCorrectAnswer="People are attracted to earthen architecture for different reasons.", matches=false
[2026-02-05T01:04:00.509Z] Q32: type=summary_completion, userAnswer="", correctAlternatives=["d"], finalCorrectAnswer="D", matches=false
[2026-02-05T01:04:00.509Z] Q33: type=summary_completion, userAnswer="", correctAlternatives=["c"], finalCorrectAnswer="C", matches=false
[2026-02-05T01:04:00.509Z] Q34: type=summary_completion, userAnswer="", correctAlternatives=["false"], finalCorrectAnswer="F", matches=false
[2026-02-05T01:04:00.510Z] Q35: type=summary_completion, userAnswer="", correctAlternatives=["a"], finalCorrectAnswer="A", matches=false
[2026-02-05T01:04:00.510Z] Q36: type=summary_completion, userAnswer="", correctAlternatives=["g"], finalCorrectAnswer="G", matches=false
[2026-02-05T01:04:00.510Z] Q37: type=true_false_notgiven, userAnswer="", correctAlternatives=["no"], finalCorrectAnswer="NO", matches=false
[2026-02-05T01:04:00.510Z] Q38: type=true_false_notgiven, userAnswer="", correctAlternatives=["not given"], finalCorrectAnswer="NG", matches=false
[2026-02-05T01:04:00.511Z] Q39: type=true_false_notgiven, userAnswer="", correctAlternatives=["yes"], finalCorrectAnswer="YES", matches=false
[2026-02-05T01:04:00.511Z] Q40: type=true_false_notgiven, userAnswer="", correctAlternatives=["not given"], finalCorrectAnswer="NG", matches=false
[2026-02-05T01:04:33.725Z] Q1: type=gap_fill, userAnswer="", correctAlternatives=["inefficient"], finalCorrectAnswer="inefficient", matches=false
[2026-02-05T01:04:33.725Z] Q2: type=gap_fill, userAnswer="", correctAlternatives=["endurance"], finalCorrectAnswer="endurance", matches=false
[2026-02-05T01:04:33.725Z] Q3: type=gap_fill, userAnswer="", correctAlternatives=["technical"], finalCorrectAnswer="technical", matches=false
[2026-02-05T01:04:33.726Z] Q4: type=gap_fill, userAnswer="", correctAlternatives=["submarine"], finalCorrectAnswer="submarine", matches=false
[2026-02-05T01:04:33.726Z] Q5: type=gap_fill, userAnswer="", correctAlternatives=["clermont"], finalCorrectAnswer="Clermont", matches=false
[2026-02-05T01:04:33.726Z] Q6: type=gap_fill, userAnswer="", correctAlternatives=["cargo"], finalCorrectAnswer="Cargo", matches=false
[2026-02-05T01:04:33.727Z] Q7: type=true_false_notgiven, userAnswer="", correctAlternatives=["true"], finalCorrectAnswer="TRUE", matches=false
[2026-02-05T01:04:33.727Z] Q8: type=true_false_notgiven, userAnswer="", correctAlternatives=["false"], finalCorrectAnswer="FALSE", matches=false
[2026-02-05T01:04:33.728Z] Q9: type=true_false_notgiven, userAnswer="", correctAlternatives=["not given"], finalCorrectAnswer="NOT", matches=false
[2026-02-05T01:04:33.728Z] Q10: type=true_false_notgiven, userAnswer="", correctAlternatives=["not given"], finalCorrectAnswer="NOT", matches=false
[2026-02-05T01:04:33.728Z] Q11: type=true_false_notgiven, userAnswer="", correctAlternatives=["true"], finalCorrectAnswer="TRUE", matches=false
[2026-02-05T01:04:33.728Z] Q12: type=true_false_notgiven, userAnswer="", correctAlternatives=["not given"], finalCorrectAnswer="NOT", matches=false
[2026-02-05T01:04:33.728Z] Q13: type=true_false_notgiven, userAnswer="", correctAlternatives=["false"], finalCorrectAnswer="FALSE", matches=false
[2026-02-05T01:04:33.728Z] Q14: type=matching_features, userAnswer="", correctAlternatives=["a"], finalCorrectAnswer="A", matches=false
[2026-02-05T01:04:33.729Z] Q15: type=matching_features, userAnswer="", correctAlternatives=["d"], finalCorrectAnswer="D", matches=false
[2026-02-05T01:04:33.729Z] Q16: type=matching_features, userAnswer="", correctAlternatives=["c"], finalCorrectAnswer="C", matches=false
[2026-02-05T01:04:33.729Z] Q17: type=matching_features, userAnswer="", correctAlternatives=["b"], finalCorrectAnswer="B", matches=false
[2026-02-05T01:04:33.729Z] Q18: type=matching_features, userAnswer="", correctAlternatives=["b"], finalCorrectAnswer="B", matches=false
[2026-02-05T01:04:33.729Z] Q19: type=matching_headings, userAnswer="", correctAlternatives=["e"], finalCorrectAnswer="E", matches=false
[2026-02-05T01:04:33.729Z] Q20: type=matching_headings, userAnswer="", correctAlternatives=["b"], finalCorrectAnswer="B", matches=false
[2026-02-05T01:04:33.730Z] Q21: type=matching_headings, userAnswer="", correctAlternatives=["a"], finalCorrectAnswer="A", matches=false
[2026-02-05T01:04:33.730Z] Q22: type=matching_headings, userAnswer="", correctAlternatives=["false"], finalCorrectAnswer="F", matches=false
[2026-02-05T01:04:33.730Z] Q23: type=gap_fill, userAnswer="", correctAlternatives=["mid-1980s"], finalCorrectAnswer="Mid-1980s", matches=false
[2026-02-05T01:04:33.730Z] Q24: type=gap_fill, userAnswer="", correctAlternatives=["raven's matrices"], finalCorrectAnswer="Raven's matrices", matches=false
[2026-02-05T01:04:33.730Z] Q25: type=gap_fill, userAnswer="", correctAlternatives=["verbal"], finalCorrectAnswer="Verbal", matches=false
[2026-02-05T01:04:33.730Z] Q26: type=gap_fill, userAnswer="", correctAlternatives=["countries"], finalCorrectAnswer="Countries", matches=false
[2026-02-05T01:04:33.731Z] Q27: type=mult_choice, userAnswer="", correctAlternatives=["the practice of designing architectural structures"], finalCorrectAnswer="the practice of designing architectural structures", matches=false
[2026-02-05T01:04:33.731Z] Q28: type=mult_choice, userAnswer="", correctAlternatives=["students cannot always construct their designs."], finalCorrectAnswer="Students cannot always construct their designs.", matches=false
[2026-02-05T01:04:33.732Z] Q29: type=mult_choice, userAnswer="", correctAlternatives=["personal connection to the end result"], finalCorrectAnswer="personal connection to the end result", matches=false
[2026-02-05T01:04:33.732Z] Q30: type=mult_choice, userAnswer="", correctAlternatives=["to outline the multiple skills involved in one project"], finalCorrectAnswer="to outline the multiple skills involved in one project", matches=false
[2026-02-05T01:04:33.733Z] Q31: type=mult_choice, userAnswer="", correctAlternatives=["people are attracted to earthen architecture for different reasons."], finalCorrectAnswer="People are attracted to earthen architecture for different reasons.", matches=false
[2026-02-05T01:04:33.733Z] Q32: type=summary_completion, userAnswer="", correctAlternatives=["d"], finalCorrectAnswer="D", matches=false
[2026-02-05T01:04:33.734Z] Q33: type=summary_completion, userAnswer="", correctAlternatives=["c"], finalCorrectAnswer="C", matches=false
[2026-02-05T01:04:33.734Z] Q34: type=summary_completion, userAnswer="", correctAlternatives=["false"], finalCorrectAnswer="F", matches=false
[2026-02-05T01:04:33.735Z] Q35: type=summary_completion, userAnswer="", correctAlternatives=["a"], finalCorrectAnswer="A", matches=false
[2026-02-05T01:04:33.736Z] Q36: type=summary_completion, userAnswer="", correctAlternatives=["g"], finalCorrectAnswer="G", matches=false
[2026-02-05T01:04:33.736Z] Q37: type=true_false_notgiven, userAnswer="", correctAlternatives=["no"], finalCorrectAnswer="NO", matches=false
[2026-02-05T01:04:33.736Z] Q38: type=true_false_notgiven, userAnswer="", correctAlternatives=["not given"], finalCorrectAnswer="NG", matches=false
[2026-02-05T01:04:33.737Z] Q39: type=true_false_notgiven, userAnswer="", correctAlternatives=["yes"], finalCorrectAnswer="YES", matches=false
[2026-02-05T01:04:33.738Z] Q40: type=true_false_notgiven, userAnswer="", correctAlternatives=["not given"], finalCorrectAnswer="NG", matches=false
[2026-02-05T01:36:36.602Z] Q1: type=gap_fill, userAnswer="", correctAlternatives=["inefficient"], finalCorrectAnswer="inefficient", matches=false
[2026-02-05T01:36:36.602Z] Q2: type=gap_fill, userAnswer="", correctAlternatives=["endurance"], finalCorrectAnswer="endurance", matches=false
[2026-02-05T01:36:36.603Z] Q3: type=gap_fill, userAnswer="", correctAlternatives=["technical"], finalCorrectAnswer="technical", matches=false
[2026-02-05T01:36:36.603Z] Q4: type=gap_fill, userAnswer="", correctAlternatives=["submarine"], finalCorrectAnswer="submarine", matches=false
[2026-02-05T01:36:36.603Z] Q5: type=gap_fill, userAnswer="", correctAlternatives=["clermont"], finalCorrectAnswer="Clermont", matches=false
[2026-02-05T01:36:36.604Z] Q6: type=gap_fill, userAnswer="", correctAlternatives=["cargo"], finalCorrectAnswer="Cargo", matches=false
[2026-02-05T01:36:36.604Z] Q7: type=true_false_notgiven, userAnswer="", correctAlternatives=["true"], finalCorrectAnswer="TRUE", matches=false
[2026-02-05T01:36:36.605Z] Q8: type=true_false_notgiven, userAnswer="", correctAlternatives=["false"], finalCorrectAnswer="FALSE", matches=false
[2026-02-05T01:36:36.605Z] Q9: type=true_false_notgiven, userAnswer="", correctAlternatives=["not given"], finalCorrectAnswer="NOT", matches=false
[2026-02-05T01:36:36.605Z] Q10: type=true_false_notgiven, userAnswer="", correctAlternatives=["not given"], finalCorrectAnswer="NOT", matches=false
[2026-02-05T01:36:36.605Z] Q11: type=true_false_notgiven, userAnswer="", correctAlternatives=["true"], finalCorrectAnswer="TRUE", matches=false
[2026-02-05T01:36:36.606Z] Q12: type=true_false_notgiven, userAnswer="", correctAlternatives=["not given"], finalCorrectAnswer="NOT", matches=false
[2026-02-05T01:36:36.606Z] Q13: type=true_false_notgiven, userAnswer="", correctAlternatives=["false"], finalCorrectAnswer="FALSE", matches=false
[2026-02-05T01:36:36.606Z] Q14: type=matching_features, userAnswer="", correctAlternatives=["a"], finalCorrectAnswer="A", matches=false
[2026-02-05T01:36:36.607Z] Q15: type=matching_features, userAnswer="", correctAlternatives=["d"], finalCorrectAnswer="D", matches=false
[2026-02-05T01:36:36.607Z] Q16: type=matching_features, userAnswer="", correctAlternatives=["c"], finalCorrectAnswer="C", matches=false
[2026-02-05T01:36:36.608Z] Q17: type=matching_features, userAnswer="", correctAlternatives=["b"], finalCorrectAnswer="B", matches=false
[2026-02-05T01:36:36.608Z] Q18: type=matching_features, userAnswer="", correctAlternatives=["b"], finalCorrectAnswer="B", matches=false
[2026-02-05T01:36:36.608Z] Q19: type=matching_headings, userAnswer="", correctAlternatives=["e"], finalCorrectAnswer="E", matches=false
[2026-02-05T01:36:36.609Z] Q20: type=matching_headings, userAnswer="", correctAlternatives=["b"], finalCorrectAnswer="B", matches=false
[2026-02-05T01:36:36.609Z] Q21: type=matching_headings, userAnswer="", correctAlternatives=["a"], finalCorrectAnswer="A", matches=false
[2026-02-05T01:36:36.609Z] Q22: type=matching_headings, userAnswer="", correctAlternatives=["false"], finalCorrectAnswer="F", matches=false
[2026-02-05T01:36:36.609Z] Q23: type=gap_fill, userAnswer="", correctAlternatives=["mid-1980s"], finalCorrectAnswer="Mid-1980s", matches=false
[2026-02-05T01:36:36.610Z] Q24: type=gap_fill, userAnswer="", correctAlternatives=["raven's matrices"], finalCorrectAnswer="Raven's matrices", matches=false
[2026-02-05T01:36:36.610Z] Q25: type=gap_fill, userAnswer="", correctAlternatives=["verbal"], finalCorrectAnswer="Verbal", matches=false
[2026-02-05T01:36:36.610Z] Q26: type=gap_fill, userAnswer="", correctAlternatives=["countries"], finalCorrectAnswer="Countries", matches=false
[2026-02-05T01:36:36.611Z] Q27: type=mult_choice, userAnswer="", correctAlternatives=["the practice of designing architectural structures"], finalCorrectAnswer="the practice of designing architectural structures", matches=false
[2026-02-05T01:36:36.611Z] Q28: type=mult_choice, userAnswer="", correctAlternatives=["students cannot always construct their designs."], finalCorrectAnswer="Students cannot always construct their designs.", matches=false
[2026-02-05T01:36:36.611Z] Q29: type=mult_choice, userAnswer="", correctAlternatives=["personal connection to the end result"], finalCorrectAnswer="personal connection to the end result", matches=false
[2026-02-05T01:36:36.611Z] Q30: type=mult_choice, userAnswer="", correctAlternatives=["to outline the multiple skills involved in one project"], finalCorrectAnswer="to outline the multiple skills involved in one project", matches=false
[2026-02-05T01:36:36.612Z] Q31: type=mult_choice, userAnswer="", correctAlternatives=["people are attracted to earthen architecture for different reasons."], finalCorrectAnswer="People are attracted to earthen architecture for different reasons.", matches=false
[2026-02-05T01:36:36.612Z] Q32: type=summary_completion, userAnswer="a", correctAlternatives=["d"], finalCorrectAnswer="D", matches=false
[2026-02-05T01:36:36.612Z] Q33: type=summary_completion, userAnswer="false", correctAlternatives=["c"], finalCorrectAnswer="C", matches=false
[2026-02-05T01:36:36.613Z] Q34: type=summary_completion, userAnswer="d", correctAlternatives=["false"], finalCorrectAnswer="F", matches=false
[2026-02-05T01:36:36.613Z] Q35: type=summary_completion, userAnswer="h", correctAlternatives=["a"], finalCorrectAnswer="A", matches=false
[2026-02-05T01:36:36.613Z] Q36: type=summary_completion, userAnswer="g", correctAlternatives=["g"], finalCorrectAnswer="G", matches=true
[2026-02-05T01:36:36.613Z] Q37: type=true_false_notgiven, userAnswer="", correctAlternatives=["no"], finalCorrectAnswer="NO", matches=false
[2026-02-05T01:36:36.614Z] Q38: type=true_false_notgiven, userAnswer="", correctAlternatives=["not given"], finalCorrectAnswer="NG", matches=false
[2026-02-05T01:36:36.614Z] Q39: type=true_false_notgiven, userAnswer="", correctAlternatives=["yes"], finalCorrectAnswer="YES", matches=false
[2026-02-05T01:36:36.614Z] Q40: type=true_false_notgiven, userAnswer="", correctAlternatives=["not given"], finalCorrectAnswer="NG", matches=false
[2026-02-05T01:59:14.060Z] Q1: type=gap_fill, userAnswer="", correctAlternatives=["inefficient"], finalCorrectAnswer="inefficient", matches=false
[2026-02-05T01:59:14.061Z] Q2: type=gap_fill, userAnswer="", correctAlternatives=["endurance"], finalCorrectAnswer="endurance", matches=false
[2026-02-05T01:59:14.061Z] Q3: type=gap_fill, userAnswer="", correctAlternatives=["technical"], finalCorrectAnswer="technical", matches=false
[2026-02-05T01:59:14.062Z] Q4: type=gap_fill, userAnswer="", correctAlternatives=["submarine"], finalCorrectAnswer="submarine", matches=false
[2026-02-05T01:59:14.062Z] Q5: type=gap_fill, userAnswer="", correctAlternatives=["clermont"], finalCorrectAnswer="Clermont", matches=false
[2026-02-05T01:59:14.063Z] Q6: type=gap_fill, userAnswer="", correctAlternatives=["cargo"], finalCorrectAnswer="Cargo", matches=false
[2026-02-05T01:59:14.063Z] Q7: type=true_false_notgiven, userAnswer="", correctAlternatives=["true"], finalCorrectAnswer="TRUE", matches=false
[2026-02-05T01:59:14.064Z] Q8: type=true_false_notgiven, userAnswer="", correctAlternatives=["false"], finalCorrectAnswer="FALSE", matches=false
[2026-02-05T01:59:14.064Z] Q9: type=true_false_notgiven, userAnswer="", correctAlternatives=["not given"], finalCorrectAnswer="NOT", matches=false
[2026-02-05T01:59:14.064Z] Q10: type=true_false_notgiven, userAnswer="", correctAlternatives=["not given"], finalCorrectAnswer="NOT", matches=false
[2026-02-05T01:59:14.065Z] Q11: type=true_false_notgiven, userAnswer="", correctAlternatives=["true"], finalCorrectAnswer="TRUE", matches=false
[2026-02-05T01:59:14.065Z] Q12: type=true_false_notgiven, userAnswer="", correctAlternatives=["not given"], finalCorrectAnswer="NOT", matches=false
[2026-02-05T01:59:14.065Z] Q13: type=true_false_notgiven, userAnswer="", correctAlternatives=["false"], finalCorrectAnswer="FALSE", matches=false
[2026-02-05T01:59:14.066Z] Q14: type=matching_features, userAnswer="", correctAlternatives=["a"], finalCorrectAnswer="A", matches=false
[2026-02-05T01:59:14.066Z] Q15: type=matching_features, userAnswer="", correctAlternatives=["d"], finalCorrectAnswer="D", matches=false
[2026-02-05T01:59:14.066Z] Q16: type=matching_features, userAnswer="", correctAlternatives=["c"], finalCorrectAnswer="C", matches=false
[2026-02-05T01:59:14.067Z] Q17: type=matching_features, userAnswer="", correctAlternatives=["b"], finalCorrectAnswer="B", matches=false
[2026-02-05T01:59:14.067Z] Q18: type=matching_features, userAnswer="", correctAlternatives=["b"], finalCorrectAnswer="B", matches=false
[2026-02-05T01:59:14.068Z] Q19: type=matching_headings, userAnswer="", correctAlternatives=["e"], finalCorrectAnswer="E", matches=false
[2026-02-05T01:59:14.068Z] Q20: type=matching_headings, userAnswer="", correctAlternatives=["b"], finalCorrectAnswer="B", matches=false
[2026-02-05T01:59:14.069Z] Q21: type=matching_headings, userAnswer="", correctAlternatives=["a"], finalCorrectAnswer="A", matches=false
[2026-02-05T01:59:14.070Z] Q22: type=matching_headings, userAnswer="", correctAlternatives=["false"], finalCorrectAnswer="F", matches=false
[2026-02-05T01:59:14.070Z] Q23: type=gap_fill, userAnswer="", correctAlternatives=["mid-1980s"], finalCorrectAnswer="Mid-1980s", matches=false
[2026-02-05T01:59:14.070Z] Q24: type=gap_fill, userAnswer="", correctAlternatives=["raven's matrices"], finalCorrectAnswer="Raven's matrices", matches=false
[2026-02-05T01:59:14.071Z] Q25: type=gap_fill, userAnswer="", correctAlternatives=["verbal"], finalCorrectAnswer="Verbal", matches=false
[2026-02-05T01:59:14.071Z] Q26: type=gap_fill, userAnswer="", correctAlternatives=["countries"], finalCorrectAnswer="Countries", matches=false
[2026-02-05T01:59:14.071Z] Q27: type=mult_choice, userAnswer="", correctAlternatives=["the practice of designing architectural structures"], finalCorrectAnswer="the practice of designing architectural structures", matches=false
[2026-02-05T01:59:14.072Z] Q28: type=mult_choice, userAnswer="", correctAlternatives=["students cannot always construct their designs."], finalCorrectAnswer="Students cannot always construct their designs.", matches=false
[2026-02-05T01:59:14.072Z] Q29: type=mult_choice, userAnswer="", correctAlternatives=["personal connection to the end result"], finalCorrectAnswer="personal connection to the end result", matches=false
[2026-02-05T01:59:14.073Z] Q30: type=mult_choice, userAnswer="", correctAlternatives=["to outline the multiple skills involved in one project"], finalCorrectAnswer="to outline the multiple skills involved in one project", matches=false
[2026-02-05T01:59:14.074Z] Q31: type=mult_choice, userAnswer="", correctAlternatives=["people are attracted to earthen architecture for different reasons."], finalCorrectAnswer="People are attracted to earthen architecture for different reasons.", matches=false
[2026-02-05T01:59:14.074Z] Q32: type=summary_completion, userAnswer="", correctAlternatives=["d"], finalCorrectAnswer="D", matches=false
[2026-02-05T01:59:14.074Z] Q33: type=summary_completion, userAnswer="", correctAlternatives=["c"], finalCorrectAnswer="C", matches=false
[2026-02-05T01:59:14.075Z] Q34: type=summary_completion, userAnswer="", correctAlternatives=["false"], finalCorrectAnswer="F", matches=false
[2026-02-05T01:59:14.075Z] Q35: type=summary_completion, userAnswer="", correctAlternatives=["a"], finalCorrectAnswer="A", matches=false
[2026-02-05T01:59:14.076Z] Q36: type=summary_completion, userAnswer="", correctAlternatives=["g"], finalCorrectAnswer="G", matches=false
[2026-02-05T01:59:14.076Z] Q37: type=true_false_notgiven, userAnswer="", correctAlternatives=["no"], finalCorrectAnswer="NO", matches=false
[2026-02-05T01:59:14.076Z] Q38: type=true_false_notgiven, userAnswer="", correctAlternatives=["not given"], finalCorrectAnswer="NG", matches=false
[2026-02-05T01:59:14.076Z] Q39: type=true_false_notgiven, userAnswer="", correctAlternatives=["yes"], finalCorrectAnswer="YES", matches=false
[2026-02-05T01:59:14.077Z] Q40: type=true_false_notgiven, userAnswer="", correctAlternatives=["not given"], finalCorrectAnswer="NG", matches=false
[2026-02-05T02:17:18.677Z] Q1: type=gap_fill, userAnswer="", correctAlternatives=["tall"], finalCorrectAnswer="Tall", matches=false
[2026-02-05T04:45:52.126Z] Q1: type=gap_fill, userAnswer="", correctAlternatives=["tall"], finalCorrectAnswer="Tall", matches=false
[2026-02-05T04:45:52.128Z] Q1: type=gap_fill, userAnswer="", correctAlternatives=["tall"], finalCorrectAnswer="Tall", matches=false
[2026-02-06T06:13:36.272Z] Q1: type=gap_fill, userAnswer="", correctAlternatives=["30 march","30 march 1988","30th march","30th march 1988","march 30th","march 30th 1988","march 30","march 30 1988"], finalCorrectAnswer="30 March", matches=false
[2026-02-06T06:13:36.273Z] Q2: type=gap_fill, userAnswer="", correctAlternatives=["0903775115"], finalCorrectAnswer="0903775115", matches=false
[2026-02-06T06:13:36.273Z] Q3: type=gap_fill, userAnswer="", correctAlternatives=["northern"], finalCorrectAnswer="northern", matches=false
[2026-02-06T06:13:36.274Z] Q4: type=gap_fill, userAnswer="", correctAlternatives=["train"], finalCorrectAnswer="train", matches=false
[2026-02-06T06:13:36.274Z] Q5: type=gap_fill, userAnswer="", correctAlternatives=["hotel"], finalCorrectAnswer="hotel", matches=false
[2026-02-06T06:13:36.275Z] Q6: type=gap_fill, userAnswer="", correctAlternatives=["farm"], finalCorrectAnswer="farm", matches=false
[2026-02-06T06:13:36.275Z] Q7: type=gap_fill, userAnswer="", correctAlternatives=["pass"], finalCorrectAnswer="pass", matches=false
[2026-02-06T06:13:36.275Z] Q8: type=gap_fill, userAnswer="", correctAlternatives=["booklet"], finalCorrectAnswer="booklet", matches=false
[2026-02-06T06:13:36.275Z] Q9: type=gap_fill, userAnswer="", correctAlternatives=["insurance"], finalCorrectAnswer="insurance", matches=false
[2026-02-06T06:13:36.276Z] Q10: type=gap_fill, userAnswer="", correctAlternatives=["internet cafe"], finalCorrectAnswer="internet cafe", matches=false
[2026-02-06T06:13:36.276Z] Q11: type=listening_map, userAnswer="c", correctAlternatives=["c"], finalCorrectAnswer="C", matches=true
[2026-02-06T06:13:36.276Z] Q12: type=listening_map, userAnswer="false", correctAlternatives=["false"], finalCorrectAnswer="F", matches=true
[2026-02-06T06:13:36.277Z] Q13: type=listening_map, userAnswer="d", correctAlternatives=["d"], finalCorrectAnswer="D", matches=true
[2026-02-06T06:13:36.277Z] Q14: type=listening_map, userAnswer="a", correctAlternatives=["a"], finalCorrectAnswer="A", matches=true
[2026-02-06T06:13:36.277Z] Q15: type=listening_map, userAnswer="h", correctAlternatives=["h"], finalCorrectAnswer="H", matches=true
[2026-02-06T06:13:36.278Z] Q16: type=mult_choice, userAnswer="", correctAlternatives=["attract people to remain in the store"], finalCorrectAnswer="attract people to remain in the store", matches=false
[2026-02-06T06:13:36.278Z] Q17: type=mult_choice, userAnswer="", correctAlternatives=["on the highest level"], finalCorrectAnswer="on the highest level", matches=false
[2026-02-06T06:13:36.278Z] Q18: type=mult_choice, userAnswer="", correctAlternatives=["offers professional childcare"], finalCorrectAnswer="offers professional childcare", matches=false
[2026-02-06T06:13:36.279Z] Q19: type=mult_choice, userAnswer="", correctAlternatives=["persuading people to buy books"], finalCorrectAnswer="persuading people to buy books", matches=false
[2026-02-06T06:13:36.279Z] Q20: type=mult_choice, userAnswer="", correctAlternatives=["were willing to read their own work in public"], finalCorrectAnswer="were willing to read their own work in public", matches=false
[2026-02-06T06:18:04.993Z] Q1: type=gap_fill, userAnswer="", correctAlternatives=["30 march","30 march 1988","30th march","30th march 1988","march 30th","march 30th 1988","march 30","march 30 1988"], finalCorrectAnswer="30 March", matches=false
[2026-02-06T06:18:04.993Z] Q2: type=gap_fill, userAnswer="", correctAlternatives=["0903775115"], finalCorrectAnswer="0903775115", matches=false
[2026-02-06T06:18:04.994Z] Q3: type=gap_fill, userAnswer="", correctAlternatives=["northern"], finalCorrectAnswer="northern", matches=false
[2026-02-06T06:18:04.994Z] Q4: type=gap_fill, userAnswer="", correctAlternatives=["train"], finalCorrectAnswer="train", matches=false
[2026-02-06T06:18:04.994Z] Q5: type=gap_fill, userAnswer="", correctAlternatives=["hotel"], finalCorrectAnswer="hotel", matches=false
[2026-02-06T06:18:04.994Z] Q6: type=gap_fill, userAnswer="", correctAlternatives=["farm"], finalCorrectAnswer="farm", matches=false
[2026-02-06T06:18:04.994Z] Q7: type=gap_fill, userAnswer="", correctAlternatives=["pass"], finalCorrectAnswer="pass", matches=false
[2026-02-06T06:18:04.994Z] Q8: type=gap_fill, userAnswer="", correctAlternatives=["booklet"], finalCorrectAnswer="booklet", matches=false
[2026-02-06T06:18:04.995Z] Q9: type=gap_fill, userAnswer="", correctAlternatives=["insurance"], finalCorrectAnswer="insurance", matches=false
[2026-02-06T06:18:04.995Z] Q10: type=gap_fill, userAnswer="", correctAlternatives=["internet cafe"], finalCorrectAnswer="internet cafe", matches=false
[2026-02-06T06:18:04.995Z] Q11: type=listening_map, userAnswer="", correctAlternatives=["c"], finalCorrectAnswer="C", matches=false
[2026-02-06T06:18:04.995Z] Q12: type=listening_map, userAnswer="", correctAlternatives=["false"], finalCorrectAnswer="F", matches=false
[2026-02-06T06:18:04.996Z] Q13: type=listening_map, userAnswer="", correctAlternatives=["d"], finalCorrectAnswer="D", matches=false
[2026-02-06T06:18:04.996Z] Q14: type=listening_map, userAnswer="", correctAlternatives=["a"], finalCorrectAnswer="A", matches=false
[2026-02-06T06:18:04.996Z] Q15: type=listening_map, userAnswer="", correctAlternatives=["h"], finalCorrectAnswer="H", matches=false
[2026-02-06T06:18:04.997Z] Q16: type=mult_choice, userAnswer="", correctAlternatives=["attract people to remain in the store"], finalCorrectAnswer="attract people to remain in the store", matches=false
[2026-02-06T06:18:04.997Z] Q17: type=mult_choice, userAnswer="", correctAlternatives=["on the highest level"], finalCorrectAnswer="on the highest level", matches=false
[2026-02-06T06:18:04.997Z] Q18: type=mult_choice, userAnswer="", correctAlternatives=["offers professional childcare"], finalCorrectAnswer="offers professional childcare", matches=false
[2026-02-06T06:18:04.997Z] Q19: type=mult_choice, userAnswer="", correctAlternatives=["persuading people to buy books"], finalCorrectAnswer="persuading people to buy books", matches=false
[2026-02-06T06:18:04.997Z] Q20: type=mult_choice, userAnswer="", correctAlternatives=["were willing to read their own work in public"], finalCorrectAnswer="were willing to read their own work in public", matches=false
